<?xml version="1.0" encoding="UTF-8"?>
<testng-results ignored="0" total="2" passed="2" failed="0" skipped="0">
  <reporter-output>
  </reporter-output>
  <suite started-at="2021-07-30T17:34:02 EDT" name="Suite" finished-at="2021-07-30T17:34:28 EDT" duration-ms="25646">
    <groups>
      <group name="cucumber">
        <method signature="AbstractTestNGCucumberTests.runScenario(io.cucumber.testng.PickleWrapper, io.cucumber.testng.FeatureWrapper)[pri:0, instance:com.cucumberrunnerFile.CucumberRunner@3738449f]" name="runScenario" class="io.cucumber.testng.AbstractTestNGCucumberTests"/>
      </group> <!-- cucumber -->
    </groups>
    <test started-at="2021-07-30T17:34:02 EDT" name="Test" finished-at="2021-07-30T17:34:28 EDT" duration-ms="25646">
      <class name="com.cucumberrunnerFile.CucumberRunner">
        <test-method is-config="true" signature="setup()[pri:0, instance:com.cucumberrunnerFile.CucumberRunner@3738449f]" started-at="2021-07-30T17:34:02 EDT" name="setup" finished-at="2021-07-30T17:34:02 EDT" duration-ms="8" status="PASS">
          <reporter-output>
          </reporter-output>
        </test-method> <!-- setup -->
        <test-method is-config="true" signature="setUpClass()[pri:0, instance:com.cucumberrunnerFile.CucumberRunner@3738449f]" started-at="2021-07-30T17:34:02 EDT" name="setUpClass" finished-at="2021-07-30T17:34:03 EDT" duration-ms="567" status="PASS">
          <reporter-output>
          </reporter-output>
        </test-method> <!-- setUpClass -->
        <test-method signature="runScenario(io.cucumber.testng.PickleWrapper, io.cucumber.testng.FeatureWrapper)[pri:0, instance:com.cucumberrunnerFile.CucumberRunner@3738449f]" started-at="2021-07-30T17:34:03 EDT" name="runScenario" description="Runs Cucumber Scenarios" data-provider="scenarios" finished-at="2021-07-30T17:34:26 EDT" duration-ms="23310" status="PASS">
          <params>
            <param index="0">
              <value>
                <![CDATA[""]]>
              </value>
            </param>
            <param index="1">
              <value>
                <![CDATA["Optional[Login feature testing]"]]>
              </value>
            </param>
          </params>
          <reporter-output>
          </reporter-output>
        </test-method> <!-- runScenario -->
        <test-method signature="test()[pri:0, instance:com.cucumberrunnerFile.CucumberRunner@3738449f]" started-at="2021-07-30T17:34:26 EDT" name="test" finished-at="2021-07-30T17:34:26 EDT" duration-ms="1" status="PASS">
          <reporter-output>
          </reporter-output>
        </test-method> <!-- test -->
        <test-method is-config="true" signature="tearDownClass()[pri:0, instance:com.cucumberrunnerFile.CucumberRunner@3738449f]" started-at="2021-07-30T17:34:26 EDT" name="tearDownClass" finished-at="2021-07-30T17:34:28 EDT" duration-ms="1729" status="PASS">
          <reporter-output>
          </reporter-output>
        </test-method> <!-- tearDownClass -->
        <test-method is-config="true" signature="teardown()[pri:0, instance:com.cucumberrunnerFile.CucumberRunner@3738449f]" started-at="2021-07-30T17:34:28 EDT" name="teardown" finished-at="2021-07-30T17:34:28 EDT" duration-ms="0" status="PASS">
          <reporter-output>
          </reporter-output>
        </test-method> <!-- teardown -->
      </class> <!-- com.cucumberrunnerFile.CucumberRunner -->
    </test> <!-- Test -->
  </suite> <!-- Suite -->
</testng-results>
